2022-05-23 21:10:27,407 INFO  - Starting HiveMQ Enterprise Server
2022-05-23 21:10:27,410 INFO  - HiveMQ version: 4.4.2
2022-05-23 21:10:27,410 INFO  - HiveMQ home directory: /Users/francescobaraldi/Desktop/hivemq-4.4.2
2022-05-23 21:10:27,418 INFO  - Log Configuration was overridden by /Users/francescobaraldi/Desktop/hivemq-4.4.2/conf/logback.xml
2022-05-23 21:10:27,709 INFO  - This node's ID is FftPc
2022-05-23 21:10:27,710 INFO  - Clustering is disabled
2022-05-23 21:10:36,008 INFO  - No valid license file found. Using trial license, restricted to 25 connections.
2022-05-23 21:10:36,664 INFO  - This node uses '8' CPU cores.
2022-05-23 21:10:36,671 INFO  - Starting HiveMQ extension system.
2022-05-23 21:10:36,745 WARN  - 
################################################################################################################
# This HiveMQ deployment is not secure! You are lacking Authentication and Authorization.                      #
# Right now any MQTT client can connect to the broker with a full set of permissions.                          #
# For production usage, add an appropriate security extension and remove the hivemq-allow-all extension.       #
# You can download security extensions from the HiveMQ Marketplace (https://www.hivemq.com/extensions/).       #
################################################################################################################
2022-05-23 21:10:36,746 INFO  - Extension "Allow All Extension" version 1.0.0 started successfully.
2022-05-23 21:10:38,999 INFO  - FftPc: no members discovered after 2005 ms: creating cluster as first member
2022-05-23 21:10:39,024 INFO  - No user for HiveMQ Control Center configured. Starting with default user
2022-05-23 21:10:39,025 INFO  - Starting HiveMQ Control Center on address 127.0.0.1 and port 8080
2022-05-23 21:10:39,261 INFO  - Control Center Audit Logging started.
2022-05-23 21:10:39,262 INFO  - Started HiveMQ Control Center in 237ms
2022-05-23 21:10:39,281 INFO  - Starting TCP listener on address 0.0.0.0 and port 1883
2022-05-23 21:10:39,304 INFO  - Starting Websocket listener on address 0.0.0.0 and port 8001
2022-05-23 21:10:39,308 INFO  - Started TCP Listener on address 0.0.0.0 and on port 1883
2022-05-23 21:10:39,308 INFO  - Started Websocket Listener on address 0.0.0.0 and on port 8001
2022-05-23 21:10:39,309 INFO  - Started HiveMQ in 11914ms
2022-05-23 21:43:03,273 INFO  - Shutting down HiveMQ. Please wait, this could take a while...
2022-05-23 21:43:05,332 INFO  - Shutting down extension system
2022-05-23 21:43:05,341 INFO  - Extension "Allow All Extension" version 1.0.0 stopped successfully.
2022-05-23 21:43:13,278 INFO  - Still shutting down HiveMQ. Waiting for remaining tasks to be executed. Do not shutdown HiveMQ.
