2020-10-19 19:01:32,132 INFO  - Checking for migrations (HiveMQ version 4.4.2).
2020-10-19 19:01:32,150 INFO  - Skipping migration because no persistence folder is present.
2020-10-19 19:01:39,023 INFO  - Write metadata file: MetaInformation{hivemqVersion='4.4.2', clientSessionPersistenceVersion='040000', queuedMessagesPersistenceVersion='040000', subscriptionPersistenceVersion='040000', incomingMessageFlowPersistenceVersion='040200', retainedMessagesPersistenceVersion='040000_R', publishPayloadPersistenceVersion='040000_R', retainedMessagesPersistenceType='FILE_NATIVE', publishPayloadPersistenceType='FILE_NATIVE'}
2020-10-19 19:01:39,030 INFO  - Finished migration.
2020-10-19 19:03:51,866 INFO  - Checking for migrations (HiveMQ version 4.4.2).
2020-10-19 19:03:51,891 INFO  - Read metadata file: MetaInformation{hivemqVersion='4.4.2', clientSessionPersistenceVersion='040000', queuedMessagesPersistenceVersion='040000', subscriptionPersistenceVersion='040000', incomingMessageFlowPersistenceVersion='040200', retainedMessagesPersistenceVersion='040000_R', publishPayloadPersistenceVersion='040000_R', retainedMessagesPersistenceType='FILE_NATIVE', publishPayloadPersistenceType='FILE_NATIVE'}
2020-10-19 19:03:51,898 INFO  - Nothing to migrate found.
2020-10-19 19:03:55,328 INFO  - Read metadata file: MetaInformation{hivemqVersion='4.4.2', clientSessionPersistenceVersion='040000', queuedMessagesPersistenceVersion='040000', subscriptionPersistenceVersion='040000', incomingMessageFlowPersistenceVersion='040200', retainedMessagesPersistenceVersion='040000_R', publishPayloadPersistenceVersion='040000_R', retainedMessagesPersistenceType='FILE_NATIVE', publishPayloadPersistenceType='FILE_NATIVE'}
2020-10-19 19:03:55,329 INFO  - Write metadata file: MetaInformation{hivemqVersion='4.4.2', clientSessionPersistenceVersion='040000', queuedMessagesPersistenceVersion='040000', subscriptionPersistenceVersion='040000', incomingMessageFlowPersistenceVersion='040200', retainedMessagesPersistenceVersion='040000_R', publishPayloadPersistenceVersion='040000_R', retainedMessagesPersistenceType='FILE_NATIVE', publishPayloadPersistenceType='FILE_NATIVE'}
2020-10-19 19:03:55,329 INFO  - Finished migration.
2020-10-22 16:03:30,898 INFO  - Checking for migrations (HiveMQ version 4.4.2).
2020-10-22 16:03:31,001 INFO  - Read metadata file: MetaInformation{hivemqVersion='4.4.2', clientSessionPersistenceVersion='040000', queuedMessagesPersistenceVersion='040000', subscriptionPersistenceVersion='040000', incomingMessageFlowPersistenceVersion='040200', retainedMessagesPersistenceVersion='040000_R', publishPayloadPersistenceVersion='040000_R', retainedMessagesPersistenceType='FILE_NATIVE', publishPayloadPersistenceType='FILE_NATIVE'}
2020-10-22 16:03:31,050 INFO  - Nothing to migrate found.
2020-10-22 16:03:37,227 INFO  - Read metadata file: MetaInformation{hivemqVersion='4.4.2', clientSessionPersistenceVersion='040000', queuedMessagesPersistenceVersion='040000', subscriptionPersistenceVersion='040000', incomingMessageFlowPersistenceVersion='040200', retainedMessagesPersistenceVersion='040000_R', publishPayloadPersistenceVersion='040000_R', retainedMessagesPersistenceType='FILE_NATIVE', publishPayloadPersistenceType='FILE_NATIVE'}
2020-10-22 16:03:37,228 INFO  - Write metadata file: MetaInformation{hivemqVersion='4.4.2', clientSessionPersistenceVersion='040000', queuedMessagesPersistenceVersion='040000', subscriptionPersistenceVersion='040000', incomingMessageFlowPersistenceVersion='040200', retainedMessagesPersistenceVersion='040000_R', publishPayloadPersistenceVersion='040000_R', retainedMessagesPersistenceType='FILE_NATIVE', publishPayloadPersistenceType='FILE_NATIVE'}
2020-10-22 16:03:37,228 INFO  - Finished migration.
2020-10-22 16:03:43,393 INFO  - Checking for migrations (HiveMQ version 4.4.2).
2020-10-22 16:03:43,422 INFO  - Read metadata file: MetaInformation{hivemqVersion='4.4.2', clientSessionPersistenceVersion='040000', queuedMessagesPersistenceVersion='040000', subscriptionPersistenceVersion='040000', incomingMessageFlowPersistenceVersion='040200', retainedMessagesPersistenceVersion='040000_R', publishPayloadPersistenceVersion='040000_R', retainedMessagesPersistenceType='FILE_NATIVE', publishPayloadPersistenceType='FILE_NATIVE'}
2020-10-22 16:03:43,433 INFO  - Nothing to migrate found.
2020-10-22 16:03:48,502 INFO  - Read metadata file: MetaInformation{hivemqVersion='4.4.2', clientSessionPersistenceVersion='040000', queuedMessagesPersistenceVersion='040000', subscriptionPersistenceVersion='040000', incomingMessageFlowPersistenceVersion='040200', retainedMessagesPersistenceVersion='040000_R', publishPayloadPersistenceVersion='040000_R', retainedMessagesPersistenceType='FILE_NATIVE', publishPayloadPersistenceType='FILE_NATIVE'}
2020-10-22 16:03:48,503 INFO  - Write metadata file: MetaInformation{hivemqVersion='4.4.2', clientSessionPersistenceVersion='040000', queuedMessagesPersistenceVersion='040000', subscriptionPersistenceVersion='040000', incomingMessageFlowPersistenceVersion='040200', retainedMessagesPersistenceVersion='040000_R', publishPayloadPersistenceVersion='040000_R', retainedMessagesPersistenceType='FILE_NATIVE', publishPayloadPersistenceType='FILE_NATIVE'}
2020-10-22 16:03:48,503 INFO  - Finished migration.
2020-10-22 17:23:17,725 INFO  - Checking for migrations (HiveMQ version 4.4.2).
2020-10-22 17:23:17,746 INFO  - Read metadata file: MetaInformation{hivemqVersion='4.4.2', clientSessionPersistenceVersion='040000', queuedMessagesPersistenceVersion='040000', subscriptionPersistenceVersion='040000', incomingMessageFlowPersistenceVersion='040200', retainedMessagesPersistenceVersion='040000_R', publishPayloadPersistenceVersion='040000_R', retainedMessagesPersistenceType='FILE_NATIVE', publishPayloadPersistenceType='FILE_NATIVE'}
2020-10-22 17:23:17,753 INFO  - Nothing to migrate found.
2020-10-22 17:23:21,085 INFO  - Read metadata file: MetaInformation{hivemqVersion='4.4.2', clientSessionPersistenceVersion='040000', queuedMessagesPersistenceVersion='040000', subscriptionPersistenceVersion='040000', incomingMessageFlowPersistenceVersion='040200', retainedMessagesPersistenceVersion='040000_R', publishPayloadPersistenceVersion='040000_R', retainedMessagesPersistenceType='FILE_NATIVE', publishPayloadPersistenceType='FILE_NATIVE'}
2020-10-22 17:23:21,086 INFO  - Write metadata file: MetaInformation{hivemqVersion='4.4.2', clientSessionPersistenceVersion='040000', queuedMessagesPersistenceVersion='040000', subscriptionPersistenceVersion='040000', incomingMessageFlowPersistenceVersion='040200', retainedMessagesPersistenceVersion='040000_R', publishPayloadPersistenceVersion='040000_R', retainedMessagesPersistenceType='FILE_NATIVE', publishPayloadPersistenceType='FILE_NATIVE'}
2020-10-22 17:23:21,086 INFO  - Finished migration.
2020-10-26 10:49:03,058 INFO  - Checking for migrations (HiveMQ version 4.4.2).
2020-10-26 10:49:03,081 INFO  - Read metadata file: MetaInformation{hivemqVersion='4.4.2', clientSessionPersistenceVersion='040000', queuedMessagesPersistenceVersion='040000', subscriptionPersistenceVersion='040000', incomingMessageFlowPersistenceVersion='040200', retainedMessagesPersistenceVersion='040000_R', publishPayloadPersistenceVersion='040000_R', retainedMessagesPersistenceType='FILE_NATIVE', publishPayloadPersistenceType='FILE_NATIVE'}
2020-10-26 10:49:03,088 INFO  - Nothing to migrate found.
2020-10-26 10:49:08,798 INFO  - Read metadata file: MetaInformation{hivemqVersion='4.4.2', clientSessionPersistenceVersion='040000', queuedMessagesPersistenceVersion='040000', subscriptionPersistenceVersion='040000', incomingMessageFlowPersistenceVersion='040200', retainedMessagesPersistenceVersion='040000_R', publishPayloadPersistenceVersion='040000_R', retainedMessagesPersistenceType='FILE_NATIVE', publishPayloadPersistenceType='FILE_NATIVE'}
2020-10-26 10:49:08,798 INFO  - Write metadata file: MetaInformation{hivemqVersion='4.4.2', clientSessionPersistenceVersion='040000', queuedMessagesPersistenceVersion='040000', subscriptionPersistenceVersion='040000', incomingMessageFlowPersistenceVersion='040200', retainedMessagesPersistenceVersion='040000_R', publishPayloadPersistenceVersion='040000_R', retainedMessagesPersistenceType='FILE_NATIVE', publishPayloadPersistenceType='FILE_NATIVE'}
2020-10-26 10:49:08,798 INFO  - Finished migration.
2021-10-12 09:19:15,032 INFO  - Checking for migrations (HiveMQ version 4.4.2).
2021-10-12 09:19:15,141 INFO  - Read metadata file: MetaInformation{hivemqVersion='4.4.2', clientSessionPersistenceVersion='040000', queuedMessagesPersistenceVersion='040000', subscriptionPersistenceVersion='040000', incomingMessageFlowPersistenceVersion='040200', retainedMessagesPersistenceVersion='040000_R', publishPayloadPersistenceVersion='040000_R', retainedMessagesPersistenceType='FILE_NATIVE', publishPayloadPersistenceType='FILE_NATIVE'}
2021-10-12 09:19:15,188 INFO  - Nothing to migrate found.
2021-10-12 09:19:22,111 INFO  - Read metadata file: MetaInformation{hivemqVersion='4.4.2', clientSessionPersistenceVersion='040000', queuedMessagesPersistenceVersion='040000', subscriptionPersistenceVersion='040000', incomingMessageFlowPersistenceVersion='040200', retainedMessagesPersistenceVersion='040000_R', publishPayloadPersistenceVersion='040000_R', retainedMessagesPersistenceType='FILE_NATIVE', publishPayloadPersistenceType='FILE_NATIVE'}
2021-10-12 09:19:22,127 INFO  - Write metadata file: MetaInformation{hivemqVersion='4.4.2', clientSessionPersistenceVersion='040000', queuedMessagesPersistenceVersion='040000', subscriptionPersistenceVersion='040000', incomingMessageFlowPersistenceVersion='040200', retainedMessagesPersistenceVersion='040000_R', publishPayloadPersistenceVersion='040000_R', retainedMessagesPersistenceType='FILE_NATIVE', publishPayloadPersistenceType='FILE_NATIVE'}
2021-10-12 09:19:22,127 INFO  - Finished migration.
2021-10-12 09:28:19,601 INFO  - Checking for migrations (HiveMQ version 4.4.2).
2021-10-12 09:28:19,711 INFO  - Read metadata file: MetaInformation{hivemqVersion='4.4.2', clientSessionPersistenceVersion='040000', queuedMessagesPersistenceVersion='040000', subscriptionPersistenceVersion='040000', incomingMessageFlowPersistenceVersion='040200', retainedMessagesPersistenceVersion='040000_R', publishPayloadPersistenceVersion='040000_R', retainedMessagesPersistenceType='FILE_NATIVE', publishPayloadPersistenceType='FILE_NATIVE'}
2021-10-12 09:28:19,758 INFO  - Nothing to migrate found.
2021-10-12 09:28:27,111 INFO  - Read metadata file: MetaInformation{hivemqVersion='4.4.2', clientSessionPersistenceVersion='040000', queuedMessagesPersistenceVersion='040000', subscriptionPersistenceVersion='040000', incomingMessageFlowPersistenceVersion='040200', retainedMessagesPersistenceVersion='040000_R', publishPayloadPersistenceVersion='040000_R', retainedMessagesPersistenceType='FILE_NATIVE', publishPayloadPersistenceType='FILE_NATIVE'}
2021-10-12 09:28:27,111 INFO  - Write metadata file: MetaInformation{hivemqVersion='4.4.2', clientSessionPersistenceVersion='040000', queuedMessagesPersistenceVersion='040000', subscriptionPersistenceVersion='040000', incomingMessageFlowPersistenceVersion='040200', retainedMessagesPersistenceVersion='040000_R', publishPayloadPersistenceVersion='040000_R', retainedMessagesPersistenceType='FILE_NATIVE', publishPayloadPersistenceType='FILE_NATIVE'}
2021-10-12 09:28:27,111 INFO  - Finished migration.
2021-10-18 10:02:47,990 INFO  - Checking for migrations (HiveMQ version 4.4.2).
2021-10-18 10:02:48,023 INFO  - Read metadata file: MetaInformation{hivemqVersion='4.4.2', clientSessionPersistenceVersion='040000', queuedMessagesPersistenceVersion='040000', subscriptionPersistenceVersion='040000', incomingMessageFlowPersistenceVersion='040200', retainedMessagesPersistenceVersion='040000_R', publishPayloadPersistenceVersion='040000_R', retainedMessagesPersistenceType='FILE_NATIVE', publishPayloadPersistenceType='FILE_NATIVE'}
2021-10-18 10:02:48,034 INFO  - Nothing to migrate found.
2021-10-18 10:02:55,086 INFO  - Read metadata file: MetaInformation{hivemqVersion='4.4.2', clientSessionPersistenceVersion='040000', queuedMessagesPersistenceVersion='040000', subscriptionPersistenceVersion='040000', incomingMessageFlowPersistenceVersion='040200', retainedMessagesPersistenceVersion='040000_R', publishPayloadPersistenceVersion='040000_R', retainedMessagesPersistenceType='FILE_NATIVE', publishPayloadPersistenceType='FILE_NATIVE'}
2021-10-18 10:02:55,089 INFO  - Write metadata file: MetaInformation{hivemqVersion='4.4.2', clientSessionPersistenceVersion='040000', queuedMessagesPersistenceVersion='040000', subscriptionPersistenceVersion='040000', incomingMessageFlowPersistenceVersion='040200', retainedMessagesPersistenceVersion='040000_R', publishPayloadPersistenceVersion='040000_R', retainedMessagesPersistenceType='FILE_NATIVE', publishPayloadPersistenceType='FILE_NATIVE'}
2021-10-18 10:02:55,089 INFO  - Finished migration.
2021-10-18 16:26:37,770 INFO  - Checking for migrations (HiveMQ version 4.4.2).
2021-10-18 16:26:37,810 INFO  - Read metadata file: MetaInformation{hivemqVersion='4.4.2', clientSessionPersistenceVersion='040000', queuedMessagesPersistenceVersion='040000', subscriptionPersistenceVersion='040000', incomingMessageFlowPersistenceVersion='040200', retainedMessagesPersistenceVersion='040000_R', publishPayloadPersistenceVersion='040000_R', retainedMessagesPersistenceType='FILE_NATIVE', publishPayloadPersistenceType='FILE_NATIVE'}
2021-10-18 16:26:37,820 INFO  - Nothing to migrate found.
2021-10-18 16:26:44,591 INFO  - Read metadata file: MetaInformation{hivemqVersion='4.4.2', clientSessionPersistenceVersion='040000', queuedMessagesPersistenceVersion='040000', subscriptionPersistenceVersion='040000', incomingMessageFlowPersistenceVersion='040200', retainedMessagesPersistenceVersion='040000_R', publishPayloadPersistenceVersion='040000_R', retainedMessagesPersistenceType='FILE_NATIVE', publishPayloadPersistenceType='FILE_NATIVE'}
2021-10-18 16:26:44,592 INFO  - Write metadata file: MetaInformation{hivemqVersion='4.4.2', clientSessionPersistenceVersion='040000', queuedMessagesPersistenceVersion='040000', subscriptionPersistenceVersion='040000', incomingMessageFlowPersistenceVersion='040200', retainedMessagesPersistenceVersion='040000_R', publishPayloadPersistenceVersion='040000_R', retainedMessagesPersistenceType='FILE_NATIVE', publishPayloadPersistenceType='FILE_NATIVE'}
2021-10-18 16:26:44,593 INFO  - Finished migration.
2021-10-18 16:49:30,818 INFO  - Checking for migrations (HiveMQ version 4.4.2).
2021-10-18 16:49:30,849 INFO  - Read metadata file: MetaInformation{hivemqVersion='4.4.2', clientSessionPersistenceVersion='040000', queuedMessagesPersistenceVersion='040000', subscriptionPersistenceVersion='040000', incomingMessageFlowPersistenceVersion='040200', retainedMessagesPersistenceVersion='040000_R', publishPayloadPersistenceVersion='040000_R', retainedMessagesPersistenceType='FILE_NATIVE', publishPayloadPersistenceType='FILE_NATIVE'}
2021-10-18 16:49:30,862 INFO  - Nothing to migrate found.
2021-10-18 16:49:37,866 INFO  - Read metadata file: MetaInformation{hivemqVersion='4.4.2', clientSessionPersistenceVersion='040000', queuedMessagesPersistenceVersion='040000', subscriptionPersistenceVersion='040000', incomingMessageFlowPersistenceVersion='040200', retainedMessagesPersistenceVersion='040000_R', publishPayloadPersistenceVersion='040000_R', retainedMessagesPersistenceType='FILE_NATIVE', publishPayloadPersistenceType='FILE_NATIVE'}
2021-10-18 16:49:37,868 INFO  - Write metadata file: MetaInformation{hivemqVersion='4.4.2', clientSessionPersistenceVersion='040000', queuedMessagesPersistenceVersion='040000', subscriptionPersistenceVersion='040000', incomingMessageFlowPersistenceVersion='040200', retainedMessagesPersistenceVersion='040000_R', publishPayloadPersistenceVersion='040000_R', retainedMessagesPersistenceType='FILE_NATIVE', publishPayloadPersistenceType='FILE_NATIVE'}
2021-10-18 16:49:37,869 INFO  - Finished migration.
2021-10-18 18:34:35,485 INFO  - Checking for migrations (HiveMQ version 4.4.2).
2021-10-18 18:34:35,515 INFO  - Read metadata file: MetaInformation{hivemqVersion='4.4.2', clientSessionPersistenceVersion='040000', queuedMessagesPersistenceVersion='040000', subscriptionPersistenceVersion='040000', incomingMessageFlowPersistenceVersion='040200', retainedMessagesPersistenceVersion='040000_R', publishPayloadPersistenceVersion='040000_R', retainedMessagesPersistenceType='FILE_NATIVE', publishPayloadPersistenceType='FILE_NATIVE'}
2021-10-18 18:34:35,526 INFO  - Nothing to migrate found.
2021-10-18 18:34:42,675 INFO  - Read metadata file: MetaInformation{hivemqVersion='4.4.2', clientSessionPersistenceVersion='040000', queuedMessagesPersistenceVersion='040000', subscriptionPersistenceVersion='040000', incomingMessageFlowPersistenceVersion='040200', retainedMessagesPersistenceVersion='040000_R', publishPayloadPersistenceVersion='040000_R', retainedMessagesPersistenceType='FILE_NATIVE', publishPayloadPersistenceType='FILE_NATIVE'}
2021-10-18 18:34:42,678 INFO  - Write metadata file: MetaInformation{hivemqVersion='4.4.2', clientSessionPersistenceVersion='040000', queuedMessagesPersistenceVersion='040000', subscriptionPersistenceVersion='040000', incomingMessageFlowPersistenceVersion='040200', retainedMessagesPersistenceVersion='040000_R', publishPayloadPersistenceVersion='040000_R', retainedMessagesPersistenceType='FILE_NATIVE', publishPayloadPersistenceType='FILE_NATIVE'}
2021-10-18 18:34:42,678 INFO  - Finished migration.
2021-10-19 10:03:06,732 INFO  - Checking for migrations (HiveMQ version 4.4.2).
2021-10-19 10:03:06,773 INFO  - Read metadata file: MetaInformation{hivemqVersion='4.4.2', clientSessionPersistenceVersion='040000', queuedMessagesPersistenceVersion='040000', subscriptionPersistenceVersion='040000', incomingMessageFlowPersistenceVersion='040200', retainedMessagesPersistenceVersion='040000_R', publishPayloadPersistenceVersion='040000_R', retainedMessagesPersistenceType='FILE_NATIVE', publishPayloadPersistenceType='FILE_NATIVE'}
2021-10-19 10:03:06,784 INFO  - Nothing to migrate found.
2021-10-19 10:03:14,010 INFO  - Read metadata file: MetaInformation{hivemqVersion='4.4.2', clientSessionPersistenceVersion='040000', queuedMessagesPersistenceVersion='040000', subscriptionPersistenceVersion='040000', incomingMessageFlowPersistenceVersion='040200', retainedMessagesPersistenceVersion='040000_R', publishPayloadPersistenceVersion='040000_R', retainedMessagesPersistenceType='FILE_NATIVE', publishPayloadPersistenceType='FILE_NATIVE'}
2021-10-19 10:03:14,013 INFO  - Write metadata file: MetaInformation{hivemqVersion='4.4.2', clientSessionPersistenceVersion='040000', queuedMessagesPersistenceVersion='040000', subscriptionPersistenceVersion='040000', incomingMessageFlowPersistenceVersion='040200', retainedMessagesPersistenceVersion='040000_R', publishPayloadPersistenceVersion='040000_R', retainedMessagesPersistenceType='FILE_NATIVE', publishPayloadPersistenceType='FILE_NATIVE'}
2021-10-19 10:03:14,014 INFO  - Finished migration.
2021-11-14 11:14:34,866 INFO  - Checking for migrations (HiveMQ version 4.4.2).
2021-11-14 11:14:34,904 INFO  - Read metadata file: MetaInformation{hivemqVersion='4.4.2', clientSessionPersistenceVersion='040000', queuedMessagesPersistenceVersion='040000', subscriptionPersistenceVersion='040000', incomingMessageFlowPersistenceVersion='040200', retainedMessagesPersistenceVersion='040000_R', publishPayloadPersistenceVersion='040000_R', retainedMessagesPersistenceType='FILE_NATIVE', publishPayloadPersistenceType='FILE_NATIVE'}
2021-11-14 11:14:34,913 INFO  - Nothing to migrate found.
2021-11-14 11:14:42,321 INFO  - Read metadata file: MetaInformation{hivemqVersion='4.4.2', clientSessionPersistenceVersion='040000', queuedMessagesPersistenceVersion='040000', subscriptionPersistenceVersion='040000', incomingMessageFlowPersistenceVersion='040200', retainedMessagesPersistenceVersion='040000_R', publishPayloadPersistenceVersion='040000_R', retainedMessagesPersistenceType='FILE_NATIVE', publishPayloadPersistenceType='FILE_NATIVE'}
2021-11-14 11:14:42,323 INFO  - Write metadata file: MetaInformation{hivemqVersion='4.4.2', clientSessionPersistenceVersion='040000', queuedMessagesPersistenceVersion='040000', subscriptionPersistenceVersion='040000', incomingMessageFlowPersistenceVersion='040200', retainedMessagesPersistenceVersion='040000_R', publishPayloadPersistenceVersion='040000_R', retainedMessagesPersistenceType='FILE_NATIVE', publishPayloadPersistenceType='FILE_NATIVE'}
2021-11-14 11:14:42,324 INFO  - Finished migration.
2021-11-14 11:40:56,016 INFO  - Checking for migrations (HiveMQ version 4.4.2).
2021-11-14 11:40:56,051 INFO  - Read metadata file: MetaInformation{hivemqVersion='4.4.2', clientSessionPersistenceVersion='040000', queuedMessagesPersistenceVersion='040000', subscriptionPersistenceVersion='040000', incomingMessageFlowPersistenceVersion='040200', retainedMessagesPersistenceVersion='040000_R', publishPayloadPersistenceVersion='040000_R', retainedMessagesPersistenceType='FILE_NATIVE', publishPayloadPersistenceType='FILE_NATIVE'}
2021-11-14 11:40:56,061 INFO  - Nothing to migrate found.
2021-11-14 11:41:03,424 INFO  - Read metadata file: MetaInformation{hivemqVersion='4.4.2', clientSessionPersistenceVersion='040000', queuedMessagesPersistenceVersion='040000', subscriptionPersistenceVersion='040000', incomingMessageFlowPersistenceVersion='040200', retainedMessagesPersistenceVersion='040000_R', publishPayloadPersistenceVersion='040000_R', retainedMessagesPersistenceType='FILE_NATIVE', publishPayloadPersistenceType='FILE_NATIVE'}
2021-11-14 11:41:03,425 INFO  - Write metadata file: MetaInformation{hivemqVersion='4.4.2', clientSessionPersistenceVersion='040000', queuedMessagesPersistenceVersion='040000', subscriptionPersistenceVersion='040000', incomingMessageFlowPersistenceVersion='040200', retainedMessagesPersistenceVersion='040000_R', publishPayloadPersistenceVersion='040000_R', retainedMessagesPersistenceType='FILE_NATIVE', publishPayloadPersistenceType='FILE_NATIVE'}
2021-11-14 11:41:03,426 INFO  - Finished migration.
2022-03-12 15:34:53,761 INFO  - Checking for migrations (HiveMQ version 4.4.2).
2022-03-12 15:34:53,813 INFO  - Read metadata file: MetaInformation{hivemqVersion='4.4.2', clientSessionPersistenceVersion='040000', queuedMessagesPersistenceVersion='040000', subscriptionPersistenceVersion='040000', incomingMessageFlowPersistenceVersion='040200', retainedMessagesPersistenceVersion='040000_R', publishPayloadPersistenceVersion='040000_R', retainedMessagesPersistenceType='FILE_NATIVE', publishPayloadPersistenceType='FILE_NATIVE'}
2022-03-12 15:34:53,824 INFO  - Nothing to migrate found.
2022-03-12 15:35:01,326 INFO  - Read metadata file: MetaInformation{hivemqVersion='4.4.2', clientSessionPersistenceVersion='040000', queuedMessagesPersistenceVersion='040000', subscriptionPersistenceVersion='040000', incomingMessageFlowPersistenceVersion='040200', retainedMessagesPersistenceVersion='040000_R', publishPayloadPersistenceVersion='040000_R', retainedMessagesPersistenceType='FILE_NATIVE', publishPayloadPersistenceType='FILE_NATIVE'}
2022-03-12 15:35:01,328 INFO  - Write metadata file: MetaInformation{hivemqVersion='4.4.2', clientSessionPersistenceVersion='040000', queuedMessagesPersistenceVersion='040000', subscriptionPersistenceVersion='040000', incomingMessageFlowPersistenceVersion='040200', retainedMessagesPersistenceVersion='040000_R', publishPayloadPersistenceVersion='040000_R', retainedMessagesPersistenceType='FILE_NATIVE', publishPayloadPersistenceType='FILE_NATIVE'}
2022-03-12 15:35:01,328 INFO  - Finished migration.
2022-03-12 15:36:06,662 INFO  - Checking for migrations (HiveMQ version 4.4.2).
2022-03-12 15:36:06,695 INFO  - Read metadata file: MetaInformation{hivemqVersion='4.4.2', clientSessionPersistenceVersion='040000', queuedMessagesPersistenceVersion='040000', subscriptionPersistenceVersion='040000', incomingMessageFlowPersistenceVersion='040200', retainedMessagesPersistenceVersion='040000_R', publishPayloadPersistenceVersion='040000_R', retainedMessagesPersistenceType='FILE_NATIVE', publishPayloadPersistenceType='FILE_NATIVE'}
2022-03-12 15:36:06,713 INFO  - Nothing to migrate found.
2022-03-12 15:36:13,568 INFO  - Read metadata file: MetaInformation{hivemqVersion='4.4.2', clientSessionPersistenceVersion='040000', queuedMessagesPersistenceVersion='040000', subscriptionPersistenceVersion='040000', incomingMessageFlowPersistenceVersion='040200', retainedMessagesPersistenceVersion='040000_R', publishPayloadPersistenceVersion='040000_R', retainedMessagesPersistenceType='FILE_NATIVE', publishPayloadPersistenceType='FILE_NATIVE'}
2022-03-12 15:36:13,570 INFO  - Write metadata file: MetaInformation{hivemqVersion='4.4.2', clientSessionPersistenceVersion='040000', queuedMessagesPersistenceVersion='040000', subscriptionPersistenceVersion='040000', incomingMessageFlowPersistenceVersion='040200', retainedMessagesPersistenceVersion='040000_R', publishPayloadPersistenceVersion='040000_R', retainedMessagesPersistenceType='FILE_NATIVE', publishPayloadPersistenceType='FILE_NATIVE'}
2022-03-12 15:36:13,570 INFO  - Finished migration.
2022-04-02 10:04:51,504 INFO  - Checking for migrations (HiveMQ version 4.4.2).
2022-04-02 10:04:51,567 INFO  - Read metadata file: MetaInformation{hivemqVersion='4.4.2', clientSessionPersistenceVersion='040000', queuedMessagesPersistenceVersion='040000', subscriptionPersistenceVersion='040000', incomingMessageFlowPersistenceVersion='040200', retainedMessagesPersistenceVersion='040000_R', publishPayloadPersistenceVersion='040000_R', retainedMessagesPersistenceType='FILE_NATIVE', publishPayloadPersistenceType='FILE_NATIVE'}
2022-04-02 10:04:51,579 INFO  - Nothing to migrate found.
2022-04-02 10:04:58,315 INFO  - Read metadata file: MetaInformation{hivemqVersion='4.4.2', clientSessionPersistenceVersion='040000', queuedMessagesPersistenceVersion='040000', subscriptionPersistenceVersion='040000', incomingMessageFlowPersistenceVersion='040200', retainedMessagesPersistenceVersion='040000_R', publishPayloadPersistenceVersion='040000_R', retainedMessagesPersistenceType='FILE_NATIVE', publishPayloadPersistenceType='FILE_NATIVE'}
2022-04-02 10:04:58,318 INFO  - Write metadata file: MetaInformation{hivemqVersion='4.4.2', clientSessionPersistenceVersion='040000', queuedMessagesPersistenceVersion='040000', subscriptionPersistenceVersion='040000', incomingMessageFlowPersistenceVersion='040200', retainedMessagesPersistenceVersion='040000_R', publishPayloadPersistenceVersion='040000_R', retainedMessagesPersistenceType='FILE_NATIVE', publishPayloadPersistenceType='FILE_NATIVE'}
2022-04-02 10:04:58,319 INFO  - Finished migration.
2022-04-02 13:20:53,320 INFO  - Checking for migrations (HiveMQ version 4.4.2).
2022-04-02 13:20:53,353 INFO  - Read metadata file: MetaInformation{hivemqVersion='4.4.2', clientSessionPersistenceVersion='040000', queuedMessagesPersistenceVersion='040000', subscriptionPersistenceVersion='040000', incomingMessageFlowPersistenceVersion='040200', retainedMessagesPersistenceVersion='040000_R', publishPayloadPersistenceVersion='040000_R', retainedMessagesPersistenceType='FILE_NATIVE', publishPayloadPersistenceType='FILE_NATIVE'}
2022-04-02 13:20:53,363 INFO  - Nothing to migrate found.
2022-04-02 13:21:00,082 INFO  - Read metadata file: MetaInformation{hivemqVersion='4.4.2', clientSessionPersistenceVersion='040000', queuedMessagesPersistenceVersion='040000', subscriptionPersistenceVersion='040000', incomingMessageFlowPersistenceVersion='040200', retainedMessagesPersistenceVersion='040000_R', publishPayloadPersistenceVersion='040000_R', retainedMessagesPersistenceType='FILE_NATIVE', publishPayloadPersistenceType='FILE_NATIVE'}
2022-04-02 13:21:00,085 INFO  - Write metadata file: MetaInformation{hivemqVersion='4.4.2', clientSessionPersistenceVersion='040000', queuedMessagesPersistenceVersion='040000', subscriptionPersistenceVersion='040000', incomingMessageFlowPersistenceVersion='040200', retainedMessagesPersistenceVersion='040000_R', publishPayloadPersistenceVersion='040000_R', retainedMessagesPersistenceType='FILE_NATIVE', publishPayloadPersistenceType='FILE_NATIVE'}
2022-04-02 13:21:00,085 INFO  - Finished migration.
2022-04-02 13:26:37,705 INFO  - Checking for migrations (HiveMQ version 4.4.2).
2022-04-02 13:26:37,763 INFO  - Read metadata file: MetaInformation{hivemqVersion='4.4.2', clientSessionPersistenceVersion='040000', queuedMessagesPersistenceVersion='040000', subscriptionPersistenceVersion='040000', incomingMessageFlowPersistenceVersion='040200', retainedMessagesPersistenceVersion='040000_R', publishPayloadPersistenceVersion='040000_R', retainedMessagesPersistenceType='FILE_NATIVE', publishPayloadPersistenceType='FILE_NATIVE'}
2022-04-02 13:26:37,774 INFO  - Nothing to migrate found.
2022-04-02 13:26:44,432 INFO  - Read metadata file: MetaInformation{hivemqVersion='4.4.2', clientSessionPersistenceVersion='040000', queuedMessagesPersistenceVersion='040000', subscriptionPersistenceVersion='040000', incomingMessageFlowPersistenceVersion='040200', retainedMessagesPersistenceVersion='040000_R', publishPayloadPersistenceVersion='040000_R', retainedMessagesPersistenceType='FILE_NATIVE', publishPayloadPersistenceType='FILE_NATIVE'}
2022-04-02 13:26:44,435 INFO  - Write metadata file: MetaInformation{hivemqVersion='4.4.2', clientSessionPersistenceVersion='040000', queuedMessagesPersistenceVersion='040000', subscriptionPersistenceVersion='040000', incomingMessageFlowPersistenceVersion='040200', retainedMessagesPersistenceVersion='040000_R', publishPayloadPersistenceVersion='040000_R', retainedMessagesPersistenceType='FILE_NATIVE', publishPayloadPersistenceType='FILE_NATIVE'}
2022-04-02 13:26:44,435 INFO  - Finished migration.
2022-04-02 14:43:04,199 INFO  - Checking for migrations (HiveMQ version 4.4.2).
2022-04-02 14:43:04,256 INFO  - Read metadata file: MetaInformation{hivemqVersion='4.4.2', clientSessionPersistenceVersion='040000', queuedMessagesPersistenceVersion='040000', subscriptionPersistenceVersion='040000', incomingMessageFlowPersistenceVersion='040200', retainedMessagesPersistenceVersion='040000_R', publishPayloadPersistenceVersion='040000_R', retainedMessagesPersistenceType='FILE_NATIVE', publishPayloadPersistenceType='FILE_NATIVE'}
2022-04-02 14:43:04,271 INFO  - Nothing to migrate found.
2022-04-02 14:43:11,577 INFO  - Read metadata file: MetaInformation{hivemqVersion='4.4.2', clientSessionPersistenceVersion='040000', queuedMessagesPersistenceVersion='040000', subscriptionPersistenceVersion='040000', incomingMessageFlowPersistenceVersion='040200', retainedMessagesPersistenceVersion='040000_R', publishPayloadPersistenceVersion='040000_R', retainedMessagesPersistenceType='FILE_NATIVE', publishPayloadPersistenceType='FILE_NATIVE'}
2022-04-02 14:43:11,580 INFO  - Write metadata file: MetaInformation{hivemqVersion='4.4.2', clientSessionPersistenceVersion='040000', queuedMessagesPersistenceVersion='040000', subscriptionPersistenceVersion='040000', incomingMessageFlowPersistenceVersion='040200', retainedMessagesPersistenceVersion='040000_R', publishPayloadPersistenceVersion='040000_R', retainedMessagesPersistenceType='FILE_NATIVE', publishPayloadPersistenceType='FILE_NATIVE'}
2022-04-02 14:43:11,581 INFO  - Finished migration.
2022-05-21 09:34:13,117 INFO  - Checking for migrations (HiveMQ version 4.4.2).
2022-05-21 09:34:13,163 INFO  - Read metadata file: MetaInformation{hivemqVersion='4.4.2', clientSessionPersistenceVersion='040000', queuedMessagesPersistenceVersion='040000', subscriptionPersistenceVersion='040000', incomingMessageFlowPersistenceVersion='040200', retainedMessagesPersistenceVersion='040000_R', publishPayloadPersistenceVersion='040000_R', retainedMessagesPersistenceType='FILE_NATIVE', publishPayloadPersistenceType='FILE_NATIVE'}
2022-05-21 09:34:13,172 INFO  - Nothing to migrate found.
2022-05-21 09:34:19,352 INFO  - Read metadata file: MetaInformation{hivemqVersion='4.4.2', clientSessionPersistenceVersion='040000', queuedMessagesPersistenceVersion='040000', subscriptionPersistenceVersion='040000', incomingMessageFlowPersistenceVersion='040200', retainedMessagesPersistenceVersion='040000_R', publishPayloadPersistenceVersion='040000_R', retainedMessagesPersistenceType='FILE_NATIVE', publishPayloadPersistenceType='FILE_NATIVE'}
2022-05-21 09:34:19,354 INFO  - Write metadata file: MetaInformation{hivemqVersion='4.4.2', clientSessionPersistenceVersion='040000', queuedMessagesPersistenceVersion='040000', subscriptionPersistenceVersion='040000', incomingMessageFlowPersistenceVersion='040200', retainedMessagesPersistenceVersion='040000_R', publishPayloadPersistenceVersion='040000_R', retainedMessagesPersistenceType='FILE_NATIVE', publishPayloadPersistenceType='FILE_NATIVE'}
2022-05-21 09:34:19,355 INFO  - Finished migration.
2022-05-21 11:08:02,699 INFO  - Checking for migrations (HiveMQ version 4.4.2).
2022-05-21 11:08:02,735 INFO  - Read metadata file: MetaInformation{hivemqVersion='4.4.2', clientSessionPersistenceVersion='040000', queuedMessagesPersistenceVersion='040000', subscriptionPersistenceVersion='040000', incomingMessageFlowPersistenceVersion='040200', retainedMessagesPersistenceVersion='040000_R', publishPayloadPersistenceVersion='040000_R', retainedMessagesPersistenceType='FILE_NATIVE', publishPayloadPersistenceType='FILE_NATIVE'}
2022-05-21 11:08:02,746 INFO  - Nothing to migrate found.
2022-05-21 11:08:08,809 INFO  - Read metadata file: MetaInformation{hivemqVersion='4.4.2', clientSessionPersistenceVersion='040000', queuedMessagesPersistenceVersion='040000', subscriptionPersistenceVersion='040000', incomingMessageFlowPersistenceVersion='040200', retainedMessagesPersistenceVersion='040000_R', publishPayloadPersistenceVersion='040000_R', retainedMessagesPersistenceType='FILE_NATIVE', publishPayloadPersistenceType='FILE_NATIVE'}
2022-05-21 11:08:08,810 INFO  - Write metadata file: MetaInformation{hivemqVersion='4.4.2', clientSessionPersistenceVersion='040000', queuedMessagesPersistenceVersion='040000', subscriptionPersistenceVersion='040000', incomingMessageFlowPersistenceVersion='040200', retainedMessagesPersistenceVersion='040000_R', publishPayloadPersistenceVersion='040000_R', retainedMessagesPersistenceType='FILE_NATIVE', publishPayloadPersistenceType='FILE_NATIVE'}
2022-05-21 11:08:08,811 INFO  - Finished migration.
2022-05-22 10:50:13,278 INFO  - Checking for migrations (HiveMQ version 4.4.2).
2022-05-22 10:50:13,338 INFO  - Read metadata file: MetaInformation{hivemqVersion='4.4.2', clientSessionPersistenceVersion='040000', queuedMessagesPersistenceVersion='040000', subscriptionPersistenceVersion='040000', incomingMessageFlowPersistenceVersion='040200', retainedMessagesPersistenceVersion='040000_R', publishPayloadPersistenceVersion='040000_R', retainedMessagesPersistenceType='FILE_NATIVE', publishPayloadPersistenceType='FILE_NATIVE'}
2022-05-22 10:50:13,354 INFO  - Nothing to migrate found.
2022-05-22 10:50:18,264 INFO  - Read metadata file: MetaInformation{hivemqVersion='4.4.2', clientSessionPersistenceVersion='040000', queuedMessagesPersistenceVersion='040000', subscriptionPersistenceVersion='040000', incomingMessageFlowPersistenceVersion='040200', retainedMessagesPersistenceVersion='040000_R', publishPayloadPersistenceVersion='040000_R', retainedMessagesPersistenceType='FILE_NATIVE', publishPayloadPersistenceType='FILE_NATIVE'}
2022-05-22 10:50:18,266 INFO  - Write metadata file: MetaInformation{hivemqVersion='4.4.2', clientSessionPersistenceVersion='040000', queuedMessagesPersistenceVersion='040000', subscriptionPersistenceVersion='040000', incomingMessageFlowPersistenceVersion='040200', retainedMessagesPersistenceVersion='040000_R', publishPayloadPersistenceVersion='040000_R', retainedMessagesPersistenceType='FILE_NATIVE', publishPayloadPersistenceType='FILE_NATIVE'}
2022-05-22 10:50:18,267 INFO  - Finished migration.
2022-05-23 21:10:27,713 INFO  - Checking for migrations (HiveMQ version 4.4.2).
2022-05-23 21:10:27,769 INFO  - Read metadata file: MetaInformation{hivemqVersion='4.4.2', clientSessionPersistenceVersion='040000', queuedMessagesPersistenceVersion='040000', subscriptionPersistenceVersion='040000', incomingMessageFlowPersistenceVersion='040200', retainedMessagesPersistenceVersion='040000_R', publishPayloadPersistenceVersion='040000_R', retainedMessagesPersistenceType='FILE_NATIVE', publishPayloadPersistenceType='FILE_NATIVE'}
2022-05-23 21:10:27,779 INFO  - Nothing to migrate found.
2022-05-23 21:10:33,949 INFO  - Read metadata file: MetaInformation{hivemqVersion='4.4.2', clientSessionPersistenceVersion='040000', queuedMessagesPersistenceVersion='040000', subscriptionPersistenceVersion='040000', incomingMessageFlowPersistenceVersion='040200', retainedMessagesPersistenceVersion='040000_R', publishPayloadPersistenceVersion='040000_R', retainedMessagesPersistenceType='FILE_NATIVE', publishPayloadPersistenceType='FILE_NATIVE'}
2022-05-23 21:10:33,954 INFO  - Write metadata file: MetaInformation{hivemqVersion='4.4.2', clientSessionPersistenceVersion='040000', queuedMessagesPersistenceVersion='040000', subscriptionPersistenceVersion='040000', incomingMessageFlowPersistenceVersion='040200', retainedMessagesPersistenceVersion='040000_R', publishPayloadPersistenceVersion='040000_R', retainedMessagesPersistenceType='FILE_NATIVE', publishPayloadPersistenceType='FILE_NATIVE'}
2022-05-23 21:10:33,955 INFO  - Finished migration.
2022-05-26 11:32:36,434 INFO  - Checking for migrations (HiveMQ version 4.4.2).
2022-05-26 11:32:36,487 INFO  - Read metadata file: MetaInformation{hivemqVersion='4.4.2', clientSessionPersistenceVersion='040000', queuedMessagesPersistenceVersion='040000', subscriptionPersistenceVersion='040000', incomingMessageFlowPersistenceVersion='040200', retainedMessagesPersistenceVersion='040000_R', publishPayloadPersistenceVersion='040000_R', retainedMessagesPersistenceType='FILE_NATIVE', publishPayloadPersistenceType='FILE_NATIVE'}
2022-05-26 11:32:36,498 INFO  - Nothing to migrate found.
2022-05-26 11:32:42,777 INFO  - Read metadata file: MetaInformation{hivemqVersion='4.4.2', clientSessionPersistenceVersion='040000', queuedMessagesPersistenceVersion='040000', subscriptionPersistenceVersion='040000', incomingMessageFlowPersistenceVersion='040200', retainedMessagesPersistenceVersion='040000_R', publishPayloadPersistenceVersion='040000_R', retainedMessagesPersistenceType='FILE_NATIVE', publishPayloadPersistenceType='FILE_NATIVE'}
2022-05-26 11:32:42,778 INFO  - Write metadata file: MetaInformation{hivemqVersion='4.4.2', clientSessionPersistenceVersion='040000', queuedMessagesPersistenceVersion='040000', subscriptionPersistenceVersion='040000', incomingMessageFlowPersistenceVersion='040200', retainedMessagesPersistenceVersion='040000_R', publishPayloadPersistenceVersion='040000_R', retainedMessagesPersistenceType='FILE_NATIVE', publishPayloadPersistenceType='FILE_NATIVE'}
2022-05-26 11:32:42,779 INFO  - Finished migration.
2022-05-26 11:37:02,291 INFO  - Checking for migrations (HiveMQ version 4.4.2).
2022-05-26 11:37:02,317 INFO  - Read metadata file: MetaInformation{hivemqVersion='4.4.2', clientSessionPersistenceVersion='040000', queuedMessagesPersistenceVersion='040000', subscriptionPersistenceVersion='040000', incomingMessageFlowPersistenceVersion='040200', retainedMessagesPersistenceVersion='040000_R', publishPayloadPersistenceVersion='040000_R', retainedMessagesPersistenceType='FILE_NATIVE', publishPayloadPersistenceType='FILE_NATIVE'}
2022-05-26 11:37:02,327 INFO  - Nothing to migrate found.
2022-05-26 11:37:08,697 INFO  - Read metadata file: MetaInformation{hivemqVersion='4.4.2', clientSessionPersistenceVersion='040000', queuedMessagesPersistenceVersion='040000', subscriptionPersistenceVersion='040000', incomingMessageFlowPersistenceVersion='040200', retainedMessagesPersistenceVersion='040000_R', publishPayloadPersistenceVersion='040000_R', retainedMessagesPersistenceType='FILE_NATIVE', publishPayloadPersistenceType='FILE_NATIVE'}
2022-05-26 11:37:08,699 INFO  - Write metadata file: MetaInformation{hivemqVersion='4.4.2', clientSessionPersistenceVersion='040000', queuedMessagesPersistenceVersion='040000', subscriptionPersistenceVersion='040000', incomingMessageFlowPersistenceVersion='040200', retainedMessagesPersistenceVersion='040000_R', publishPayloadPersistenceVersion='040000_R', retainedMessagesPersistenceType='FILE_NATIVE', publishPayloadPersistenceType='FILE_NATIVE'}
2022-05-26 11:37:08,699 INFO  - Finished migration.
